<?xml version="1.0" encoding="UTF-8"?>
<!-- Generated by org.testng.reporters.JUnitReportReporter -->
<testsuite name="com.qtpselenium.selenium.TV9Part1.TestNgBasicAnnotations" tests="4" time="0.040" ignored="0" failures="0" timestamp="10 Feb 2018 18:42:46 GMT" skipped="0" hostname="DESKTOP-HAHT87R" errors="0">
  <testcase name="btest" time="0.007" classname="com.qtpselenium.selenium.TV9Part1.TestNgBasicAnnotations"/>
  <testcase name="jtest" time="0.003" classname="com.qtpselenium.selenium.TV9Part1.TestNgBasicAnnotations"/>
  <testcase name="atest" time="0.005" classname="com.qtpselenium.selenium.TV9Part1.TestNgBasicAnnotations"/>
  <testcase name="ztest" time="0.025" classname="com.qtpselenium.selenium.TV9Part1.TestNgBasicAnnotations"/>
</testsuite> <!-- com.qtpselenium.selenium.TV9Part1.TestNgBasicAnnotations -->
