<?xml version="1.0" encoding="UTF-8"?>
<!-- Generated by org.testng.reporters.JUnitReportReporter -->
<testsuite name="trainingvideo12.HWcustomizedxpathFacebook" tests="1" time="76.272" ignored="0" failures="0" timestamp="23 Feb 2018 22:29:05 GMT" skipped="0" hostname="DESKTOP-HAHT87R" errors="0">
  <testcase name="facebookHW" time="76.272" classname="trainingvideo12.HWcustomizedxpathFacebook"/>
</testsuite> <!-- trainingvideo12.HWcustomizedxpathFacebook -->
