<?xml version="1.0" encoding="UTF-8"?>
<!-- Generated by org.testng.reporters.JUnitReportReporter -->
<testsuite name="TV9Part7.TestA" tests="2" time="0.039" ignored="0" failures="0" timestamp="14 Feb 2018 18:27:06 GMT" skipped="0" hostname="DESKTOP-HAHT87R" errors="0">
  <testcase name="testA1" time="0.038" classname="TV9Part7.TestA"/>
  <testcase name="testA2" time="0.001" classname="TV9Part7.TestA"/>
</testsuite> <!-- TV9Part7.TestA -->
