<?xml version="1.0" encoding="UTF-8"?>
<!-- Generated by org.testng.reporters.JUnitReportReporter -->
<testsuite name="SuiteA.TestA2" tests="3" time="0.021" ignored="0" failures="0" timestamp="15 Feb 2018 18:33:07 GMT" skipped="1" hostname="DESKTOP-HAHT87R" errors="0">
  <testcase name="testA2_3" time="0.009" classname="SuiteA.TestA2"/>
  <testcase name="testA2_2" time="0.005" classname="SuiteA.TestA2"/>
  <testcase name="testA2_1" time="0.007" classname="SuiteA.TestA2">
    <skipped/>
  </testcase> <!-- testA2_1 -->
</testsuite> <!-- SuiteA.TestA2 -->
