<?xml version="1.0" encoding="UTF-8"?>
<!-- Generated by org.testng.reporters.JUnitReportReporter -->
<testsuite name="trainingvideo13.HWICICILoan" tests="1" time="32.982" ignored="0" failures="0" timestamp="28 Feb 2018 20:01:03 GMT" skipped="0" hostname="DESKTOP-HAHT87R" errors="0">
  <testcase name="testLoanFormFill" time="32.982" classname="trainingvideo13.HWICICILoan"/>
</testsuite> <!-- trainingvideo13.HWICICILoan -->
