<?xml version="1.0" encoding="UTF-8"?>
<!-- Generated by org.testng.reporters.JUnitReportReporter -->
<testsuite name="TV9Part7.TestC" tests="2" time="0.001" ignored="0" failures="0" timestamp="14 Feb 2018 18:19:17 GMT" skipped="0" hostname="DESKTOP-HAHT87R" errors="0">
  <testcase name="testC2" time="0.001" classname="TV9Part7.TestC"/>
  <testcase name="testC1" time="0.000" classname="TV9Part7.TestC"/>
</testsuite> <!-- TV9Part7.TestC -->
