<?xml version="1.0" encoding="UTF-8"?>
<!-- Generated by org.testng.reporters.JUnitReportReporter -->
<testsuite name="com.qtpselenium.selenium.TV9Part1.HowAssertSoftAssertWorks" tests="4" time="0.051" ignored="0" failures="0" timestamp="11 Feb 2018 16:39:59 GMT" skipped="0" hostname="DESKTOP-HAHT87R" errors="0">
  <testcase name="asserttest1" time="0.030" classname="com.qtpselenium.selenium.TV9Part1.HowAssertSoftAssertWorks"/>
  <testcase name="asserttest2" time="0.005" classname="com.qtpselenium.selenium.TV9Part1.HowAssertSoftAssertWorks"/>
  <testcase name="asserttest3" time="0.009" classname="com.qtpselenium.selenium.TV9Part1.HowAssertSoftAssertWorks"/>
  <testcase name="asserttest4" time="0.007" classname="com.qtpselenium.selenium.TV9Part1.HowAssertSoftAssertWorks"/>
</testsuite> <!-- com.qtpselenium.selenium.TV9Part1.HowAssertSoftAssertWorks -->
