<?xml version="1.0" encoding="UTF-8"?>
<!-- Generated by org.testng.reporters.JUnitReportReporter -->
<testsuite name="TrainingVideo9.Part4ChromeOptions" tests="1" time="6.435" ignored="0" failures="0" timestamp="21 Feb 2018 00:05:54 GMT" skipped="0" hostname="DESKTOP-HAHT87R" errors="0">
  <testcase name="certificateIssues" time="6.435" classname="TrainingVideo9.Part4ChromeOptions"/>
</testsuite> <!-- TrainingVideo9.Part4ChromeOptions -->
