<?xml version="1.0" encoding="UTF-8"?>
<!-- Generated by org.testng.reporters.JUnitReportReporter -->
<testsuite name="TrainingVideo9.Part4FirefoxOptions" tests="1" time="18.073" ignored="0" failures="0" timestamp="20 Feb 2018 14:08:31 GMT" skipped="0" hostname="DESKTOP-HAHT87R" errors="0">
  <testcase name="certificateIssues" time="18.073" classname="TrainingVideo9.Part4FirefoxOptions"/>
</testsuite> <!-- TrainingVideo9.Part4FirefoxOptions -->
