<?xml version="1.0" encoding="UTF-8"?>
<!-- Generated by org.testng.reporters.JUnitReportReporter -->
<testsuite name="TrainingVideo9.Part34FirefoxOptions" tests="1" time="10.284" ignored="0" failures="0" timestamp="20 Feb 2018 21:57:31 GMT" skipped="0" hostname="DESKTOP-HAHT87R" errors="0">
  <testcase name="certificateIssues" time="10.284" classname="TrainingVideo9.Part34FirefoxOptions"/>
</testsuite> <!-- TrainingVideo9.Part34FirefoxOptions -->
