<?xml version="1.0" encoding="UTF-8"?>
<!-- Generated by org.testng.reporters.JUnitReportReporter -->
<testsuite name="TV9Part7.TestE" tests="2" time="0.001" ignored="0" failures="0" timestamp="14 Feb 2018 18:26:51 GMT" skipped="0" hostname="DESKTOP-HAHT87R" errors="0">
  <testcase name="testE1" time="0.000" classname="TV9Part7.TestE"/>
  <testcase name="testE2" time="0.001" classname="TV9Part7.TestE"/>
</testsuite> <!-- TV9Part7.TestE -->
