<?xml version="1.0" encoding="UTF-8"?>
<!-- Generated by org.testng.reporters.JUnitReportReporter -->
<testsuite name="TrainingVideo9.Part4InternetExplorerOptions" tests="1" time="2868.304" ignored="0" failures="0" timestamp="21 Feb 2018 10:29:24 GMT" skipped="0" hostname="DESKTOP-HAHT87R" errors="0">
  <testcase name="browserIssues" time="2868.304" classname="TrainingVideo9.Part4InternetExplorerOptions"/>
</testsuite> <!-- TrainingVideo9.Part4InternetExplorerOptions -->
