<?xml version="1.0" encoding="UTF-8"?>
<!-- Generated by org.testng.reporters.JUnitReportReporter -->
<testsuite name="com.qtpselenium.selenium.TV9Part1.TestNgBasicAnnotations1" tests="4" time="0.101" ignored="0" failures="0" timestamp="13 Feb 2018 13:41:15 GMT" skipped="0" hostname="DESKTOP-HAHT87R" errors="0">
  <testcase name="jtest" time="0.007" classname="com.qtpselenium.selenium.TV9Part1.TestNgBasicAnnotations1"/>
  <testcase name="atest" time="0.024" classname="com.qtpselenium.selenium.TV9Part1.TestNgBasicAnnotations1"/>
  <testcase name="btest" time="0.068" classname="com.qtpselenium.selenium.TV9Part1.TestNgBasicAnnotations1"/>
  <testcase name="ztest" time="0.002" classname="com.qtpselenium.selenium.TV9Part1.TestNgBasicAnnotations1"/>
</testsuite> <!-- com.qtpselenium.selenium.TV9Part1.TestNgBasicAnnotations1 -->
