<?xml version="1.0" encoding="UTF-8"?>
<!-- Generated by org.testng.reporters.JUnitReportReporter -->
<testsuite name="trainingvideo13.MultileObjectInSection" tests="1" time="190.378" ignored="0" failures="0" timestamp="29 Apr 2018 05:54:46 GMT" skipped="0" hostname="DESKTOP-HAHT87R" errors="0">
  <testcase name="getElementsInSection" time="190.378" classname="trainingvideo13.MultileObjectInSection"/>
</testsuite> <!-- trainingvideo13.MultileObjectInSection -->
