<?xml version="1.0" encoding="UTF-8"?>
<!-- Generated by org.testng.reporters.JUnitReportReporter -->
<testsuite name="TV9Part7.TestF" tests="2" time="0.000" ignored="0" failures="0" timestamp="14 Feb 2018 18:26:51 GMT" skipped="0" hostname="DESKTOP-HAHT87R" errors="0">
  <testcase name="testF2" time="0.000" classname="TV9Part7.TestF"/>
  <testcase name="testF1" time="0.000" classname="TV9Part7.TestF"/>
</testsuite> <!-- TV9Part7.TestF -->
