<?xml version="1.0" encoding="UTF-8"?>
<!-- Generated by org.testng.reporters.JUnitReportReporter -->
<testsuite name="trainingvideo12.HWAmericanGolf" tests="1" time="32.249" ignored="0" failures="0" timestamp="24 Feb 2018 17:58:00 GMT" skipped="0" hostname="DESKTOP-HAHT87R" errors="0">
  <testcase name="americanGolf" time="32.249" classname="trainingvideo12.HWAmericanGolf"/>
</testsuite> <!-- trainingvideo12.HWAmericanGolf -->
