<?xml version="1.0" encoding="UTF-8"?>
<!-- Generated by org.testng.reporters.JUnitReportReporter -->
<testsuite name="com.qtpselenium.selenium.TV9Part7.TestD" tests="2" time="0.001" ignored="0" failures="0" timestamp="15 Feb 2018 11:13:03 GMT" skipped="0" hostname="DESKTOP-HAHT87R" errors="0">
  <testcase name="testD1" time="0.000" classname="com.qtpselenium.selenium.TV9Part7.TestD"/>
  <testcase name="testD2" time="0.001" classname="com.qtpselenium.selenium.TV9Part7.TestD"/>
</testsuite> <!-- com.qtpselenium.selenium.TV9Part7.TestD -->
