<?xml version="1.0" encoding="UTF-8"?>
<!-- Generated by org.testng.reporters.JUnitReportReporter -->
<testsuite name="SuitesA.TestA1" tests="1" time="0.027" ignored="0" failures="0" timestamp="15 Feb 2018 11:17:20 GMT" skipped="0" hostname="DESKTOP-HAHT87R" errors="0">
  <testcase name="testA1_1" time="0.027" classname="SuitesA.TestA1"/>
</testsuite> <!-- SuitesA.TestA1 -->
