<?xml version="1.0" encoding="UTF-8"?>
<!-- Generated by org.testng.reporters.JUnitReportReporter -->
<testsuite name="TV9Part7.TestD" tests="2" time="0.002" ignored="0" failures="0" timestamp="14 Feb 2018 18:27:06 GMT" skipped="0" hostname="DESKTOP-HAHT87R" errors="0">
  <testcase name="testD1" time="0.002" classname="TV9Part7.TestD"/>
  <testcase name="testD2" time="0.000" classname="TV9Part7.TestD"/>
</testsuite> <!-- TV9Part7.TestD -->
