<?xml version="1.0" encoding="UTF-8"?>
<!-- Generated by org.testng.reporters.JUnitReportReporter -->
<testsuite name="com.qtpselenium.selenium.TV9Part1.TestNgBasicAnnotations2" tests="4" time="0.052" ignored="0" failures="0" timestamp="13 Feb 2018 13:41:15 GMT" skipped="0" hostname="DESKTOP-HAHT87R" errors="0">
  <testcase name="ctest" time="0.024" classname="com.qtpselenium.selenium.TV9Part1.TestNgBasicAnnotations2"/>
  <testcase name="dtest" time="0.012" classname="com.qtpselenium.selenium.TV9Part1.TestNgBasicAnnotations2"/>
  <testcase name="ytest" time="0.011" classname="com.qtpselenium.selenium.TV9Part1.TestNgBasicAnnotations2"/>
  <testcase name="ktest" time="0.005" classname="com.qtpselenium.selenium.TV9Part1.TestNgBasicAnnotations2"/>
</testsuite> <!-- com.qtpselenium.selenium.TV9Part1.TestNgBasicAnnotations2 -->
