<?xml version="1.0" encoding="UTF-8"?>
<!-- Generated by org.testng.reporters.JUnitReportReporter -->
<testsuite name="trainingVideo23POMPF.DataReadWrite" tests="2" time="0.046" ignored="0" failures="0" timestamp="07 Mar 2018 20:38:15 GMT" skipped="0" hostname="DESKTOP-HAHT87R" errors="0">
  <testcase name="testA" time="0.009" classname="trainingVideo23POMPF.DataReadWrite"/>
  <testcase name="testA" time="0.037" classname="trainingVideo23POMPF.DataReadWrite"/>
</testsuite> <!-- trainingVideo23POMPF.DataReadWrite -->
