<?xml version="1.0" encoding="UTF-8"?>
<!-- Generated by org.testng.reporters.JUnitReportReporter -->
<testsuite name="com.qtpselenium.selenium.TV9Part2.ParameterizingDataInTCTestNG" tests="3" time="0.045" ignored="0" failures="0" timestamp="11 Feb 2018 18:31:54 GMT" skipped="0" hostname="DESKTOP-HAHT87R" errors="0">
  <testcase name="doLogintest" time="0.032" classname="com.qtpselenium.selenium.TV9Part2.ParameterizingDataInTCTestNG"/>
  <testcase name="doLogintest" time="0.004" classname="com.qtpselenium.selenium.TV9Part2.ParameterizingDataInTCTestNG"/>
  <testcase name="doLogintest" time="0.009" classname="com.qtpselenium.selenium.TV9Part2.ParameterizingDataInTCTestNG"/>
</testsuite> <!-- com.qtpselenium.selenium.TV9Part2.ParameterizingDataInTCTestNG -->
