<?xml version="1.0" encoding="UTF-8"?>
<!-- Generated by org.testng.reporters.JUnitReportReporter -->
<testsuite name="TV9Part7.TestB" tests="2" time="0.005" ignored="0" failures="0" timestamp="14 Feb 2018 18:19:17 GMT" skipped="0" hostname="DESKTOP-HAHT87R" errors="0">
  <testcase name="testB1" time="0.004" classname="TV9Part7.TestB"/>
  <testcase name="testB2" time="0.001" classname="TV9Part7.TestB"/>
</testsuite> <!-- TV9Part7.TestB -->
