<?xml version="1.0" encoding="UTF-8"?>
<!-- Generated by org.testng.reporters.JUnitReportReporter -->
<testsuite name="com.qtpselenium.selenium.TV9Part4.ExtentReportTest" tests="3" time="1.151" ignored="0" failures="0" timestamp="12 Feb 2018 15:40:31 GMT" skipped="0" hostname="DESKTOP-HAHT87R" errors="0">
  <testcase name="goAccount" time="0.752" classname="com.qtpselenium.selenium.TV9Part4.ExtentReportTest"/>
  <testcase name="doLogin" time="0.223" classname="com.qtpselenium.selenium.TV9Part4.ExtentReportTest"/>
  <testcase name="goHome" time="0.176" classname="com.qtpselenium.selenium.TV9Part4.ExtentReportTest"/>
</testsuite> <!-- com.qtpselenium.selenium.TV9Part4.ExtentReportTest -->
